# JRE version: Java(TM) SE Runtime Environment (8.0_101-b13) (build 1.8.0_101-b13)
# Java VM: Java HotSpot(TM) Client VM (25.101-b13 mixed mode windows-x86 )
Heap:
 def new generation   total 4928K, used 4556K [0x04600000, 0x04b50000, 0x19b50000)
  eden space 4416K,  91% used [0x04600000, 0x049f7748, 0x04a50000)
  from space 512K,  96% used [0x04a50000, 0x04acbb08, 0x04ad0000)
  to   space 512K,   0% used [0x04ad0000, 0x04ad0000, 0x04b50000)
 tenured generation   total 10944K, used 10379K [0x19b50000, 0x1a600000, 0x44600000)
   the space 10944K,  94% used [0x19b50000, 0x1a572e20, 0x1a573000, 0x1a600000)
 Metaspace       used 2384K, capacity 2534K, committed 2624K, reserved 4480K
GC Heap History (8 events):
Event: 0.164 GC heap before
{Heap before GC invocations=0 (full 0):
 def new generation   total 4928K, used 4064K [0x04600000, 0x04b50000, 0x19b50000)
  eden space 4416K,  92% used [0x04600000, 0x049f8270, 0x04a50000)
  from space 512K,   0% used [0x04a50000, 0x04a50000, 0x04ad0000)
  to   space 512K,   0% used [0x04ad0000, 0x04ad0000, 0x04b50000)
 tenured generation   total 10944K, used 0K [0x19b50000, 0x1a600000, 0x44600000)
   the space 10944K,   0% used [0x19b50000, 0x19b50000, 0x19b50200, 0x1a600000)
 Metaspace       used 2242K, capacity 2406K, committed 2496K, reserved 4480K
Event: 0.167 GC heap after
Heap after GC invocations=1 (full 0):
 def new generation   total 4928K, used 512K [0x04600000, 0x04b50000, 0x19b50000)
  eden space 4416K,   0% used [0x04600000, 0x04600000, 0x04a50000)
  from space 512K, 100% used [0x04ad0000, 0x04b50000, 0x04b50000)
  to   space 512K,   0% used [0x04a50000, 0x04a50000, 0x04ad0000)
 tenured generation   total 10944K, used 1048K [0x19b50000, 0x1a600000, 0x44600000)
   the space 10944K,   9% used [0x19b50000, 0x19c56220, 0x19c56400, 0x1a600000)
 Metaspace       used 2242K, capacity 2406K, committed 2496K, reserved 4480K
}
Event: 0.188 GC heap before
{Heap before GC invocations=1 (full 0):
 def new generation   total 4928K, used 4770K [0x04600000, 0x04b50000, 0x19b50000)
  eden space 4416K,  96% used [0x04600000, 0x04a289b8, 0x04a50000)
  from space 512K, 100% used [0x04ad0000, 0x04b50000, 0x04b50000)
  to   space 512K,   0% used [0x04a50000, 0x04a50000, 0x04ad0000)
 tenured generation   total 10944K, used 1048K [0x19b50000, 0x1a600000, 0x44600000)
   the space 10944K,   9% used [0x19b50000, 0x19c56220, 0x19c56400, 0x1a600000)
 Metaspace       used 2242K, capacity 2406K, committed 2496K, reserved 4480K
Event: 0.190 GC heap after
Heap after GC invocations=2 (full 0):
 def new generation   total 4928K, used 308K [0x04600000, 0x04b50000, 0x19b50000)
  eden space 4416K,   0% used [0x04600000, 0x04600000, 0x04a50000)
  from space 512K,  60% used [0x04a50000, 0x04a9d3f0, 0x04ad0000)
  to   space 512K,   0% used [0x04ad0000, 0x04ad0000, 0x04b50000)
 tenured generation   total 10944K, used 2723K [0x19b50000, 0x1a600000, 0x44600000)
   the space 10944K,  24% used [0x19b50000, 0x19df8e70, 0x19df9000, 0x1a600000)
 Metaspace       used 2242K, capacity 2406K, committed 2496K, reserved 4480K
}
Event: 0.204 GC heap before
{Heap before GC invocations=2 (full 0):
 def new generation   total 4928K, used 4201K [0x04600000, 0x04b50000, 0x19b50000)
  eden space 4416K,  88% used [0x04600000, 0x049cd038, 0x04a50000)
  from space 512K,  60% used [0x04a50000, 0x04a9d3f0, 0x04ad0000)
  to   space 512K,   0% used [0x04ad0000, 0x04ad0000, 0x04b50000)
 tenured generation   total 10944K, used 2723K [0x19b50000, 0x1a600000, 0x44600000)
   the space 10944K,  24% used [0x19b50000, 0x19df8e70, 0x19df9000, 0x1a600000)
 Metaspace       used 2242K, capacity 2406K, committed 2496K, reserved 4480K
Event: 0.205 GC heap after
Heap after GC invocations=3 (full 0):
 def new generation   total 4928K, used 498K [0x04600000, 0x04b50000, 0x19b50000)
  eden space 4416K,   0% used [0x04600000, 0x04600000, 0x04a50000)
  from space 512K,  97% used [0x04ad0000, 0x04b4c848, 0x04b50000)
  to   space 512K,   0% used [0x04a50000, 0x04a50000, 0x04ad0000)
 tenured generation   total 10944K, used 4020K [0x19b50000, 0x1a600000, 0x44600000)
   the space 10944K,  36% used [0x19b50000, 0x19f3d1b8, 0x19f3d200, 0x1a600000)
 Metaspace       used 2242K, capacity 2406K, committed 2496K, reserved 4480K
}
Event: 0.219 GC heap before
{Heap before GC invocations=3 (full 0):
 def new generation   total 4928K, used 4359K [0x04600000, 0x04b50000, 0x19b50000)
  eden space 4416K,  87% used [0x04600000, 0x049c5570, 0x04a50000)
  from space 512K,  97% used [0x04ad0000, 0x04b4c848, 0x04b50000)
  to   space 512K,   0% used [0x04a50000, 0x04a50000, 0x04ad0000)
 tenured generation   total 10944K, used 4020K [0x19b50000, 0x1a600000, 0x44600000)
   the space 10944K,  36% used [0x19b50000, 0x19f3d1b8, 0x19f3d200, 0x1a600000)
 Metaspace       used 2242K, capacity 2406K, committed 2496K, reserved 4480K
Event: 0.220 GC heap after
Heap after GC invocations=4 (full 0):
 def new generation   total 4928K, used 494K [0x04600000, 0x04b50000, 0x19b50000)
  eden space 4416K,   0% used [0x04600000, 0x04600000, 0x04a50000)
  from space 512K,  96% used [0x04a50000, 0x04acbb08, 0x04ad0000)
  to   space 512K,   0% used [0x04ad0000, 0x04ad0000, 0x04b50000)
 tenured generation   total 10944K, used 5121K [0x19b50000, 0x1a600000, 0x44600000)
   the space 10944K,  46% used [0x19b50000, 0x1a050690, 0x1a050800, 0x1a600000)
 Metaspace       used 2242K, capacity 2406K, committed 2496K, reserved 4480K
}

