# JRE version: Java(TM) SE Runtime Environment (8.0_101-b13) (build 1.8.0_101-b13)
# Java VM: Java HotSpot(TM) Client VM (25.101-b13 mixed mode windows-x86 )
Heap:
 def new generation   total 4928K, used 389K [0x04c00000, 0x05150000, 0x1a150000)
  eden space 4416K,   2% used [0x04c00000, 0x04c1a868, 0x05050000)
  from space 512K,  55% used [0x05050000, 0x05096e50, 0x050d0000)
  to   space 512K,   0% used [0x050d0000, 0x050d0000, 0x05150000)
 tenured generation   total 10944K, used 7238K [0x1a150000, 0x1ac00000, 0x44c00000)
   the space 10944K,  66% used [0x1a150000, 0x1a861a20, 0x1a861c00, 0x1ac00000)
 Metaspace       used 2384K, capacity 2534K, committed 2624K, reserved 4480K
GC Heap History (8 events):
Event: 0.198 GC heap before
{Heap before GC invocations=0 (full 0):
 def new generation   total 4928K, used 4416K [0x04c00000, 0x05150000, 0x1a150000)
  eden space 4416K, 100% used [0x04c00000, 0x05050000, 0x05050000)
  from space 512K,   0% used [0x05050000, 0x05050000, 0x050d0000)
  to   space 512K,   0% used [0x050d0000, 0x050d0000, 0x05150000)
 tenured generation   total 10944K, used 0K [0x1a150000, 0x1ac00000, 0x44c00000)
   the space 10944K,   0% used [0x1a150000, 0x1a150000, 0x1a150200, 0x1ac00000)
 Metaspace       used 2242K, capacity 2406K, committed 2496K, reserved 4480K
Event: 0.200 GC heap after
Heap after GC invocations=1 (full 0):
 def new generation   total 4928K, used 512K [0x04c00000, 0x05150000, 0x1a150000)
  eden space 4416K,   0% used [0x04c00000, 0x04c00000, 0x05050000)
  from space 512K, 100% used [0x050d0000, 0x05150000, 0x05150000)
  to   space 512K,   0% used [0x05050000, 0x05050000, 0x050d0000)
 tenured generation   total 10944K, used 1135K [0x1a150000, 0x1ac00000, 0x44c00000)
   the space 10944K,  10% used [0x1a150000, 0x1a26bf10, 0x1a26c000, 0x1ac00000)
 Metaspace       used 2242K, capacity 2406K, committed 2496K, reserved 4480K
}
Event: 0.220 GC heap before
{Heap before GC invocations=1 (full 0):
 def new generation   total 4928K, used 4911K [0x04c00000, 0x05150000, 0x1a150000)
  eden space 4416K,  99% used [0x04c00000, 0x0504bd00, 0x05050000)
  from space 512K, 100% used [0x050d0000, 0x05150000, 0x05150000)
  to   space 512K,   0% used [0x05050000, 0x05050000, 0x050d0000)
 tenured generation   total 10944K, used 1135K [0x1a150000, 0x1ac00000, 0x44c00000)
   the space 10944K,  10% used [0x1a150000, 0x1a26bf10, 0x1a26c000, 0x1ac00000)
 Metaspace       used 2242K, capacity 2406K, committed 2496K, reserved 4480K
Event: 0.222 GC heap after
Heap after GC invocations=2 (full 0):
 def new generation   total 4928K, used 375K [0x04c00000, 0x05150000, 0x1a150000)
  eden space 4416K,   0% used [0x04c00000, 0x04c00000, 0x05050000)
  from space 512K,  73% used [0x05050000, 0x050addb8, 0x050d0000)
  to   space 512K,   0% used [0x050d0000, 0x050d0000, 0x05150000)
 tenured generation   total 10944K, used 2569K [0x1a150000, 0x1ac00000, 0x44c00000)
   the space 10944K,  23% used [0x1a150000, 0x1a3d25d8, 0x1a3d2600, 0x1ac00000)
 Metaspace       used 2242K, capacity 2406K, committed 2496K, reserved 4480K
}
Event: 0.245 GC heap before
{Heap before GC invocations=2 (full 0):
 def new generation   total 4928K, used 3893K [0x04c00000, 0x05150000, 0x1a150000)
  eden space 4416K,  79% used [0x04c00000, 0x04f6f818, 0x05050000)
  from space 512K,  73% used [0x05050000, 0x050addb8, 0x050d0000)
  to   space 512K,   0% used [0x050d0000, 0x050d0000, 0x05150000)
 tenured generation   total 10944K, used 2569K [0x1a150000, 0x1ac00000, 0x44c00000)
   the space 10944K,  23% used [0x1a150000, 0x1a3d25d8, 0x1a3d2600, 0x1ac00000)
 Metaspace       used 2343K, capacity 2470K, committed 2496K, reserved 4480K
Event: 0.246 GC heap after
Heap after GC invocations=3 (full 0):
 def new generation   total 4928K, used 512K [0x04c00000, 0x05150000, 0x1a150000)
  eden space 4416K,   0% used [0x04c00000, 0x04c00000, 0x05050000)
  from space 512K, 100% used [0x050d0000, 0x05150000, 0x05150000)
  to   space 512K,   0% used [0x05050000, 0x05050000, 0x050d0000)
 tenured generation   total 10944K, used 3325K [0x1a150000, 0x1ac00000, 0x44c00000)
   the space 10944K,  30% used [0x1a150000, 0x1a48f458, 0x1a48f600, 0x1ac00000)
 Metaspace       used 2343K, capacity 2470K, committed 2496K, reserved 4480K
}
Event: 0.272 GC heap before
{Heap before GC invocations=3 (full 0):
 def new generation   total 4928K, used 4928K [0x04c00000, 0x05150000, 0x1a150000)
  eden space 4416K, 100% used [0x04c00000, 0x05050000, 0x05050000)
  from space 512K, 100% used [0x050d0000, 0x05150000, 0x05150000)
  to   space 512K,   0% used [0x05050000, 0x05050000, 0x050d0000)
 tenured generation   total 10944K, used 3325K [0x1a150000, 0x1ac00000, 0x44c00000)
   the space 10944K,  30% used [0x1a150000, 0x1a48f458, 0x1a48f600, 0x1ac00000)
 Metaspace       used 2384K, capacity 2534K, committed 2624K, reserved 4480K
Event: 0.275 GC heap after
Heap after GC invocations=4 (full 0):
 def new generation   total 4928K, used 283K [0x04c00000, 0x05150000, 0x1a150000)
  eden space 4416K,   0% used [0x04c00000, 0x04c00000, 0x05050000)
  from space 512K,  55% used [0x05050000, 0x05096e50, 0x050d0000)
  to   space 512K,   0% used [0x050d0000, 0x050d0000, 0x05150000)
 tenured generation   total 10944K, used 7238K [0x1a150000, 0x1ac00000, 0x44c00000)
   the space 10944K,  66% used [0x1a150000, 0x1a861a20, 0x1a861c00, 0x1ac00000)
 Metaspace       used 2384K, capacity 2534K, committed 2624K, reserved 4480K
}

